<?xml version="1.0" encoding="UTF-8"?>
<testng-results skipped="0" failed="0" ignored="0" total="3" passed="3">
  <reporter-output>
  </reporter-output>
  <suite name="Suite" duration-ms="61260" started-at="2019-10-05T11:00:29Z" finished-at="2019-10-05T11:01:31Z">
    <groups>
      <group name="cucumber">
        <method signature="AbstractTestNGCucumberTests.runScenario(cucumber.api.testng.PickleEventWrapper, cucumber.api.testng.CucumberFeatureWrapper)[pri:0, instance:com.leafBot.testcases.TC001_CreateLead@5ed7a6]" name="runScenario" class="cucumber.api.testng.AbstractTestNGCucumberTests"/>
      </group> <!-- cucumber -->
    </groups>
    <test name="Test" duration-ms="61260" started-at="2019-10-05T11:00:29Z" finished-at="2019-10-05T11:01:31Z">
      <class name="com.leafBot.testcases.TC001_CreateLead">
        <test-method status="PASS" signature="startReport()[pri:0, instance:com.leafBot.testcases.TC001_CreateLead@5ed7a6]" name="startReport" is-config="true" duration-ms="531" started-at="2019-10-05T11:00:29Z" finished-at="2019-10-05T11:00:29Z">
          <reporter-output>
          </reporter-output>
        </test-method> <!-- startReport -->
        <test-method status="PASS" signature="setData()[pri:0, instance:com.leafBot.testcases.TC001_CreateLead@5ed7a6]" name="setData" is-config="true" duration-ms="0" started-at="2019-10-05T11:00:29Z" finished-at="2019-10-05T11:00:29Z">
          <reporter-output>
          </reporter-output>
        </test-method> <!-- setData -->
        <test-method status="PASS" signature="setUpClass()[pri:0, instance:com.leafBot.testcases.TC001_CreateLead@5ed7a6]" name="setUpClass" is-config="true" duration-ms="201" started-at="2019-10-05T11:00:29Z" finished-at="2019-10-05T11:00:30Z">
          <reporter-output>
          </reporter-output>
        </test-method> <!-- setUpClass -->
        <test-method status="PASS" signature="report()[pri:0, instance:com.leafBot.testcases.TC001_CreateLead@5ed7a6]" name="report" is-config="true" duration-ms="10" started-at="2019-10-05T11:00:30Z" finished-at="2019-10-05T11:00:30Z">
          <reporter-output>
          </reporter-output>
        </test-method> <!-- report -->
        <test-method status="PASS" signature="beforeMethod()[pri:0, instance:com.leafBot.testcases.TC001_CreateLead@5ed7a6]" name="beforeMethod" is-config="true" duration-ms="5229" started-at="2019-10-05T11:00:30Z" finished-at="2019-10-05T11:00:36Z">
          <reporter-output>
          </reporter-output>
        </test-method> <!-- beforeMethod -->
        <test-method status="PASS" signature="runTC001(java.lang.String, java.lang.String, java.lang.String, java.lang.String, java.lang.String)[pri:0, instance:com.leafBot.testcases.TC001_CreateLead@5ed7a6]" name="runTC001" duration-ms="14327" started-at="2019-10-05T11:00:36Z" data-provider="fetchData" finished-at="2019-10-05T11:00:50Z">
          <params>
            <param index="0">
              <value>
                <![CDATA[demosalesmanager]]>
              </value>
            </param>
            <param index="1">
              <value>
                <![CDATA[crmsfa]]>
              </value>
            </param>
            <param index="2">
              <value>
                <![CDATA[Manjula]]>
              </value>
            </param>
            <param index="3">
              <value>
                <![CDATA[Sai Kumaar]]>
              </value>
            </param>
            <param index="4">
              <value>
                <![CDATA[Cognizant]]>
              </value>
            </param>
          </params>
          <reporter-output>
          </reporter-output>
        </test-method> <!-- runTC001 -->
        <test-method status="PASS" signature="afterMethod()[pri:0, instance:com.leafBot.testcases.TC001_CreateLead@5ed7a6]" name="afterMethod" is-config="true" duration-ms="2149" started-at="2019-10-05T11:00:50Z" finished-at="2019-10-05T11:00:52Z">
          <reporter-output>
          </reporter-output>
        </test-method> <!-- afterMethod -->
        <test-method status="PASS" signature="beforeMethod()[pri:0, instance:com.leafBot.testcases.TC001_CreateLead@5ed7a6]" name="beforeMethod" is-config="true" duration-ms="3947" started-at="2019-10-05T11:00:52Z" finished-at="2019-10-05T11:00:56Z">
          <reporter-output>
          </reporter-output>
        </test-method> <!-- beforeMethod -->
        <test-method status="PASS" signature="runTC001(java.lang.String, java.lang.String, java.lang.String, java.lang.String, java.lang.String)[pri:0, instance:com.leafBot.testcases.TC001_CreateLead@5ed7a6]" name="runTC001" duration-ms="13287" started-at="2019-10-05T11:00:56Z" data-provider="fetchData" finished-at="2019-10-05T11:01:09Z">
          <params>
            <param index="0">
              <value>
                <![CDATA[demosalesmanager]]>
              </value>
            </param>
            <param index="1">
              <value>
                <![CDATA[crmsfa]]>
              </value>
            </param>
            <param index="2">
              <value>
                <![CDATA[Vani Sree]]>
              </value>
            </param>
            <param index="3">
              <value>
                <![CDATA[Mahadevan]]>
              </value>
            </param>
            <param index="4">
              <value>
                <![CDATA[Thought Works]]>
              </value>
            </param>
          </params>
          <reporter-output>
          </reporter-output>
        </test-method> <!-- runTC001 -->
        <test-method status="PASS" signature="afterMethod()[pri:0, instance:com.leafBot.testcases.TC001_CreateLead@5ed7a6]" name="afterMethod" is-config="true" duration-ms="2156" started-at="2019-10-05T11:01:09Z" finished-at="2019-10-05T11:01:12Z">
          <reporter-output>
          </reporter-output>
        </test-method> <!-- afterMethod -->
        <test-method status="PASS" signature="beforeMethod()[pri:0, instance:com.leafBot.testcases.TC001_CreateLead@5ed7a6]" name="beforeMethod" is-config="true" duration-ms="4104" started-at="2019-10-05T11:01:12Z" finished-at="2019-10-05T11:01:16Z">
          <reporter-output>
          </reporter-output>
        </test-method> <!-- beforeMethod -->
        <test-method status="PASS" signature="runTC001(java.lang.String, java.lang.String, java.lang.String, java.lang.String, java.lang.String)[pri:0, instance:com.leafBot.testcases.TC001_CreateLead@5ed7a6]" name="runTC001" duration-ms="12958" started-at="2019-10-05T11:01:16Z" data-provider="fetchData" finished-at="2019-10-05T11:01:29Z">
          <params>
            <param index="0">
              <value>
                <![CDATA[demosalesmanager]]>
              </value>
            </param>
            <param index="1">
              <value>
                <![CDATA[crmsfa]]>
              </value>
            </param>
            <param index="2">
              <value>
                <![CDATA[Priya]]>
              </value>
            </param>
            <param index="3">
              <value>
                <![CDATA[Ramesh]]>
              </value>
            </param>
            <param index="4">
              <value>
                <![CDATA[Infosys]]>
              </value>
            </param>
          </params>
          <reporter-output>
          </reporter-output>
        </test-method> <!-- runTC001 -->
        <test-method status="PASS" signature="afterMethod()[pri:0, instance:com.leafBot.testcases.TC001_CreateLead@5ed7a6]" name="afterMethod" is-config="true" duration-ms="2142" started-at="2019-10-05T11:01:29Z" finished-at="2019-10-05T11:01:31Z">
          <reporter-output>
          </reporter-output>
        </test-method> <!-- afterMethod -->
        <test-method status="PASS" signature="tearDownClass()[pri:0, instance:com.leafBot.testcases.TC001_CreateLead@5ed7a6]" name="tearDownClass" is-config="true" duration-ms="6" started-at="2019-10-05T11:01:31Z" finished-at="2019-10-05T11:01:31Z">
          <reporter-output>
          </reporter-output>
        </test-method> <!-- tearDownClass -->
        <test-method status="PASS" signature="stopReport()[pri:0, instance:com.leafBot.testcases.TC001_CreateLead@5ed7a6]" name="stopReport" is-config="true" duration-ms="319" started-at="2019-10-05T11:01:31Z" finished-at="2019-10-05T11:01:31Z">
          <reporter-output>
          </reporter-output>
        </test-method> <!-- stopReport -->
      </class> <!-- com.leafBot.testcases.TC001_CreateLead -->
    </test> <!-- Test -->
  </suite> <!-- Suite -->
</testng-results>
