<?xml version="1.0" encoding="UTF-8"?>
<!-- Generated by org.testng.reporters.JUnitXMLReporter -->
<testsuite hostname="DESKTOP-Q24EDTB" ignored="0" name="Test" tests="3" failures="0" timestamp="05 Oct 2019 11:01:31 GMT" time="61.26" errors="0">
  <testcase name="runTC001" time="14.327" classname="com.leafBot.testcases.TC001_CreateLead"/>
  <testcase name="runTC001" time="13.287" classname="com.leafBot.testcases.TC001_CreateLead"/>
  <testcase name="runTC001" time="12.958" classname="com.leafBot.testcases.TC001_CreateLead"/>
</testsuite> <!-- Test -->
